Arguments: 
  /usr/local/Cellar/node@8/8.12.0/bin/node /usr/local/Cellar/yarn/1.12.3/libexec/bin/yarn.js push

PATH: 
  /usr/local/opt/node@8/bin:/usr/local/bin:/usr/bin:/bin:/usr/sbin:/sbin:/usr/local/opt/node@8/bin

Yarn version: 
  1.12.3

Node version: 
  8.12.0

Platform: 
  darwin x64

Trace: 
  SyntaxError: /Users/maxvien/Desktop/emotion-semantic-ui/package.json: Unexpected token } in JSON at position 374
      at JSON.parse (<anonymous>)
      at /usr/local/Cellar/yarn/1.12.3/libexec/lib/cli.js:1631:59
      at Generator.next (<anonymous>)
      at step (/usr/local/Cellar/yarn/1.12.3/libexec/lib/cli.js:304:30)
      at /usr/local/Cellar/yarn/1.12.3/libexec/lib/cli.js:315:13
      at <anonymous>

npm manifest: 
  {
    "name": "emotion-semantic-ui",
    "description": "Overriding Semantic UI with Emotion",
    "version": "1.0.3",
    "main": "index.js",
    "repository": "https://github.com/Maxvien/emotion-semantic-ui.git",
    "author": "Vien Dinh <maxvien@gmail.com>",
    "license": "MIT",
    "scripts": {
      "push": "git add . && git commit -m Update && git pull origin && git push origin",
    },
    "peerDependencies": {
      "emotion": "^10.0.0"
    }
  }

yarn manifest: 
  No manifest

Lockfile: 
  No lockfile
